Build started 5/30/2016 3:41:59 PM.
     1>Project "C:\Dropbox\Dropbox\SENECA\_OLD\IPC144\C projects\CodeQuest\CodeQuest\CodeQuest\CodeQuest\CodeQuest.vcxproj" on node 2 (Build target(s)).
     1>ClCompile:
         C:\Program Files (x86)\Microsoft Visual Studio 12.0\VC\bin\CL.exe /c /ZI /nologo /W3 /WX- /sdl /Od /Oy- /D _MBCS /Gm /EHsc /RTC1 /MDd /GS /fp:precise /Zc:wchar_t /Zc:forScope /Fo"Debug\\" /Fd"Debug\vc120.pdb" /Gd /TC /analyze- /errorReport:prompt codequest.c
         codequest.c
     1>c:\dropbox\dropbox\seneca\_old\ipc144\c projects\codequest\codequest\codequest\codequest\codequest.c(25): warning C4013: 'time' undefined; assuming extern returning int
     1>c:\dropbox\dropbox\seneca\_old\ipc144\c projects\codequest\codequest\codequest\codequest\codequest.c(25): warning C4244: 'function' : conversion from 'double' to 'unsigned int', possible loss of data
     1>c:\dropbox\dropbox\seneca\_old\ipc144\c projects\codequest\codequest\codequest\codequest\codequest.c(33): warning C4013: 'isalpha' undefined; assuming extern returning int
     1>c:\dropbox\dropbox\seneca\_old\ipc144\c projects\codequest\codequest\codequest\codequest\codequest.c(33): warning C4013: 'isdigit' undefined; assuming extern returning int
     1>c:\dropbox\dropbox\seneca\_old\ipc144\c projects\codequest\codequest\codequest\codequest\codequest.c(33): warning C4013: 'isblank' undefined; assuming extern returning int
     1>c:\dropbox\dropbox\seneca\_old\ipc144\c projects\codequest\codequest\codequest\codequest\codequest.c(145): warning C4047: '<' : 'int' differs in levels of indirection from 'int *'
     1>c:\dropbox\dropbox\seneca\_old\ipc144\c projects\codequest\codequest\codequest\codequest\codequest.c(194): warning C4047: 'function' : 'Item *' differs in levels of indirection from 'Item **'
     1>c:\dropbox\dropbox\seneca\_old\ipc144\c projects\codequest\codequest\codequest\codequest\codequest.c(194): warning C4024: 'sort' : different types for formal and actual parameter 1
     1>c:\dropbox\dropbox\seneca\_old\ipc144\c projects\codequest\codequest\codequest\codequest\codequest.c(195): warning C4047: 'function' : 'Item *' differs in levels of indirection from 'Item **'
     1>c:\dropbox\dropbox\seneca\_old\ipc144\c projects\codequest\codequest\codequest\codequest\codequest.c(195): warning C4024: 'showInventory' : different types for formal and actual parameter 1
     1>c:\dropbox\dropbox\seneca\_old\ipc144\c projects\codequest\codequest\codequest\codequest\codequest.c(195): warning C4047: 'function' : 'int *' differs in levels of indirection from 'int'
     1>c:\dropbox\dropbox\seneca\_old\ipc144\c projects\codequest\codequest\codequest\codequest\codequest.c(195): warning C4024: 'showInventory' : different types for formal and actual parameter 2
     1>c:\dropbox\dropbox\seneca\_old\ipc144\c projects\codequest\codequest\codequest\codequest\codequest.c(198): warning C4047: 'function' : 'Item *' differs in levels of indirection from 'Item **'
     1>c:\dropbox\dropbox\seneca\_old\ipc144\c projects\codequest\codequest\codequest\codequest\codequest.c(198): warning C4024: 'sort' : different types for formal and actual parameter 1
     1>c:\dropbox\dropbox\seneca\_old\ipc144\c projects\codequest\codequest\codequest\codequest\codequest.c(199): warning C4047: 'function' : 'Item *' differs in levels of indirection from 'Item **'
     1>c:\dropbox\dropbox\seneca\_old\ipc144\c projects\codequest\codequest\codequest\codequest\codequest.c(199): warning C4024: 'showInventory' : different types for formal and actual parameter 1
     1>c:\dropbox\dropbox\seneca\_old\ipc144\c projects\codequest\codequest\codequest\codequest\codequest.c(199): warning C4047: 'function' : 'int *' differs in levels of indirection from 'int'
     1>c:\dropbox\dropbox\seneca\_old\ipc144\c projects\codequest\codequest\codequest\codequest\codequest.c(199): warning C4024: 'showInventory' : different types for formal and actual parameter 2
     1>c:\dropbox\dropbox\seneca\_old\ipc144\c projects\codequest\codequest\codequest\codequest\codequest.c(203): warning C4047: 'function' : 'Item *' differs in levels of indirection from 'Item **'
     1>c:\dropbox\dropbox\seneca\_old\ipc144\c projects\codequest\codequest\codequest\codequest\codequest.c(203): warning C4024: 'useItem' : different types for formal and actual parameter 1
     1>c:\dropbox\dropbox\seneca\_old\ipc144\c projects\codequest\codequest\codequest\codequest\codequest.c(204): warning C4047: 'function' : 'Item *' differs in levels of indirection from 'Item **'
     1>c:\dropbox\dropbox\seneca\_old\ipc144\c projects\codequest\codequest\codequest\codequest\codequest.c(204): warning C4024: 'sort' : different types for formal and actual parameter 1
     1>c:\dropbox\dropbox\seneca\_old\ipc144\c projects\codequest\codequest\codequest\codequest\codequest.c(207): warning C4047: 'function' : 'Item *' differs in levels of indirection from 'Item **'
     1>c:\dropbox\dropbox\seneca\_old\ipc144\c projects\codequest\codequest\codequest\codequest\codequest.c(207): warning C4024: 'showInventory' : different types for formal and actual parameter 1
     1>c:\dropbox\dropbox\seneca\_old\ipc144\c projects\codequest\codequest\codequest\codequest\codequest.c(207): warning C4047: 'function' : 'int *' differs in levels of indirection from 'int'
     1>c:\dropbox\dropbox\seneca\_old\ipc144\c projects\codequest\codequest\codequest\codequest\codequest.c(207): warning C4024: 'showInventory' : different types for formal and actual parameter 2
     1>c:\dropbox\dropbox\seneca\_old\ipc144\c projects\codequest\codequest\codequest\codequest\codequest.c(219): warning C4047: 'initializing' : 'char' differs in levels of indirection from 'void *'
     1>c:\dropbox\dropbox\seneca\_old\ipc144\c projects\codequest\codequest\codequest\codequest\codequest.c(248): warning C4047: 'initializing' : 'char' differs in levels of indirection from 'void *'
     1>c:\dropbox\dropbox\seneca\_old\ipc144\c projects\codequest\codequest\codequest\codequest\codequest.c(315): warning C4244: 'initializing' : conversion from 'double' to 'int', possible loss of data
     1>c:\dropbox\dropbox\seneca\_old\ipc144\c projects\codequest\codequest\codequest\codequest\codequest.c(316): warning C4244: '=' : conversion from 'double' to 'int', possible loss of data
     1>c:\dropbox\dropbox\seneca\_old\ipc144\c projects\codequest\codequest\codequest\codequest\codequest.c(318): warning C4244: '=' : conversion from 'double' to 'int', possible loss of data
     1>c:\dropbox\dropbox\seneca\_old\ipc144\c projects\codequest\codequest\codequest\codequest\codequest.c(320): warning C4244: '=' : conversion from 'double' to 'int', possible loss of data
     1>c:\dropbox\dropbox\seneca\_old\ipc144\c projects\codequest\codequest\codequest\codequest\codequest.c(322): warning C4244: '=' : conversion from 'double' to 'int', possible loss of data
     1>c:\dropbox\dropbox\seneca\_old\ipc144\c projects\codequest\codequest\codequest\codequest\codequest.c(336): warning C4244: '=' : conversion from 'double' to 'int', possible loss of data
     1>c:\dropbox\dropbox\seneca\_old\ipc144\c projects\codequest\codequest\codequest\codequest\codequest.c(342): warning C4244: '=' : conversion from 'double' to 'int', possible loss of data
     1>c:\dropbox\dropbox\seneca\_old\ipc144\c projects\codequest\codequest\codequest\codequest\codequest.c(355): warning C4244: '=' : conversion from 'double' to 'int', possible loss of data
     1>c:\dropbox\dropbox\seneca\_old\ipc144\c projects\codequest\codequest\codequest\codequest\codequest.c(359): warning C4244: '=' : conversion from 'double' to 'int', possible loss of data
     1>c:\dropbox\dropbox\seneca\_old\ipc144\c projects\codequest\codequest\codequest\codequest\codequest.c(398): warning C4047: 'function' : 'Item **' differs in levels of indirection from 'Item *'
     1>c:\dropbox\dropbox\seneca\_old\ipc144\c projects\codequest\codequest\codequest\codequest\codequest.c(398): warning C4024: 'inventory' : different types for formal and actual parameter 2
     1>c:\dropbox\dropbox\seneca\_old\ipc144\c projects\codequest\codequest\codequest\codequest\codequest.c(477): warning C4047: '<' : 'int' differs in levels of indirection from 'int *'
     1>c:\dropbox\dropbox\seneca\_old\ipc144\c projects\codequest\codequest\codequest\codequest\codequest.c(545): warning C4047: 'function' : 'int *' differs in levels of indirection from 'int'
     1>c:\dropbox\dropbox\seneca\_old\ipc144\c projects\codequest\codequest\codequest\codequest\codequest.c(545): warning C4024: 'sellInventory' : different types for formal and actual parameter 2
     1>c:\dropbox\dropbox\seneca\_old\ipc144\c projects\codequest\codequest\codequest\codequest\codequest.c(553): warning C4047: 'function' : 'int *' differs in levels of indirection from 'int'
     1>c:\dropbox\dropbox\seneca\_old\ipc144\c projects\codequest\codequest\codequest\codequest\codequest.c(553): warning C4024: 'sellInventory' : different types for formal and actual parameter 2
     1>c:\dropbox\dropbox\seneca\_old\ipc144\c projects\codequest\codequest\codequest\codequest\codequest.c(605): warning C4047: 'function' : 'Item **' differs in levels of indirection from 'Item *'
     1>c:\dropbox\dropbox\seneca\_old\ipc144\c projects\codequest\codequest\codequest\codequest\codequest.c(605): warning C4024: 'inventory' : different types for formal and actual parameter 2
     1>c:\dropbox\dropbox\seneca\_old\ipc144\c projects\codequest\codequest\codequest\codequest\codequest.c(612): warning C4244: 'function' : conversion from 'double' to 'float', possible loss of data
     1>c:\dropbox\dropbox\seneca\_old\ipc144\c projects\codequest\codequest\codequest\codequest\codequest.c(669): warning C4133: 'function' : incompatible types - from 'double *' to 'float *'
       Link:
         C:\Program Files (x86)\Microsoft Visual Studio 12.0\VC\bin\link.exe /ERRORREPORT:PROMPT /OUT:"C:\Dropbox\Dropbox\SENECA\_OLD\IPC144\C projects\CodeQuest\CodeQuest\CodeQuest\Debug\CodeQuest.exe" /INCREMENTAL /NOLOGO kernel32.lib user32.lib gdi32.lib winspool.lib comdlg32.lib advapi32.lib shell32.lib ole32.lib oleaut32.lib uuid.lib odbc32.lib odbccp32.lib /MANIFEST /MANIFESTUAC:"level='asInvoker' uiAccess='false'" /manifest:embed /DEBUG /PDB:"C:\Dropbox\Dropbox\SENECA\_OLD\IPC144\C projects\CodeQuest\CodeQuest\CodeQuest\Debug\CodeQuest.pdb" /TLBID:1 /DYNAMICBASE /NXCOMPAT /IMPLIB:"C:\Dropbox\Dropbox\SENECA\_OLD\IPC144\C projects\CodeQuest\CodeQuest\CodeQuest\Debug\CodeQuest.lib" /MACHINE:X86 Debug\codequest.obj
         LINK : C:\Dropbox\Dropbox\SENECA\_OLD\IPC144\C projects\CodeQuest\CodeQuest\CodeQuest\Debug\CodeQuest.exe not found or not built by the last incremental link; performing full link
         CodeQuest.vcxproj -> C:\Dropbox\Dropbox\SENECA\_OLD\IPC144\C projects\CodeQuest\CodeQuest\CodeQuest\Debug\CodeQuest.exe
     1>Done Building Project "C:\Dropbox\Dropbox\SENECA\_OLD\IPC144\C projects\CodeQuest\CodeQuest\CodeQuest\CodeQuest\CodeQuest.vcxproj" (Build target(s)).

Build succeeded.

Time Elapsed 00:00:01.37
